[2020-06-18 05:04:01] local.ERROR: syntax error, unexpected 'Session' (T_STRING), expecting function (T_FUNCTION) or const (T_CONST) {"exception":"[object] (Symfony\\Component\\Debug\\Exception\\FatalThrowableError(code: 0): syntax error, unexpected 'Session' (T_STRING), expecting function (T_FUNCTION) or const (T_CONST) at D:\\ini TA GUE\\PROJEK\\PROJEK\\app\\Http\\Controllers\\Auth\\ResetPasswordController.php:28)
[stacktrace]
#0 D:\\ini TA GUE\\PROJEK\\PROJEK\\vendor\\composer\\ClassLoader.php(322): Composer\\Autoload\\includeFile('D:\\\\ini TA GUE\\\\P...')
#1 [internal function]: Composer\\Autoload\\ClassLoader->loadClass('App\\\\Http\\\\Contro...')
#2 [internal function]: spl_autoload_call('App\\\\Http\\\\Contro...')
#3 D:\\ini TA GUE\\PROJEK\\PROJEK\\vendor\\laravel\\framework\\src\\Illuminate\\Container\\Container.php(803): ReflectionClass->__construct('App\\\\Http\\\\Contro...')
#4 D:\\ini TA GUE\\PROJEK\\PROJEK\\vendor\\laravel\\framework\\src\\Illuminate\\Container\\Container.php(681): Illuminate\\Container\\Container->build('App\\\\Http\\\\Contro...')
#5 D:\\ini TA GUE\\PROJEK\\PROJEK\\vendor\\laravel\\framework\\src\\Illuminate\\Foundation\\Application.php(785): Illuminate\\Container\\Container->resolve('App\\\\Http\\\\Contro...', Array, true)
#6 D:\\ini TA GUE\\PROJEK\\PROJEK\\vendor\\laravel\\framework\\src\\Illuminate\\Container\\Container.php(629): Illuminate\\Foundation\\Application->resolve('App\\\\Http\\\\Contro...', Array)
#7 D:\\ini TA GUE\\PROJEK\\PROJEK\\vendor\\laravel\\framework\\src\\Illuminate\\Foundation\\Application.php(770): Illuminate\\Container\\Container->make('App\\\\Http\\\\Contro...', Array)
#8 D:\\ini TA GUE\\PROJEK\\PROJEK\\vendor\\laravel\\framework\\src\\Illuminate\\Routing\\Route.php(233): Illuminate\\Foundation\\Application->make('App\\\\Http\\\\Contro...')
#9 D:\\ini TA GUE\\PROJEK\\PROJEK\\vendor\\laravel\\framework\\src\\Illuminate\\Routing\\Route.php(833): Illuminate\\Routing\\Route->getController()
#10 D:\\ini TA GUE\\PROJEK\\PROJEK\\vendor\\laravel\\framework\\src\\Illuminate\\Routing\\Route.php(794): Illuminate\\Routing\\Route->controllerMiddleware()
#11 D:\\ini TA GUE\\PROJEK\\PROJEK\\vendor\\laravel\\framework\\src\\Illuminate\\Routing\\Router.php(694): Illuminate\\Routing\\Route->gatherMiddleware()
#12 D:\\ini TA GUE\\PROJEK\\PROJEK\\vendor\\laravel\\framework\\src\\Illuminate\\Routing\\Router.php(674): Illuminate\\Routing\\Router->gatherRouteMiddleware(Object(Illuminate\\Routing\\Route))
#13 D:\\ini TA GUE\\PROJEK\\PROJEK\\vendor\\laravel\\framework\\src\\Illuminate\\Routing\\Router.php(658): Illuminate\\Routing\\Router->runRouteWithinStack(Object(Illuminate\\Routing\\Route), Object(Illuminate\\Http\\Request))
#14 D:\\ini TA GUE\\PROJEK\\PROJEK\\vendor\\laravel\\framework\\src\\Illuminate\\Routing\\Router.php(624): Illuminate\\Routing\\Router->runRoute(Object(Illuminate\\Http\\Request), Object(Illuminate\\Routing\\Route))
#15 D:\\ini TA GUE\\PROJEK\\PROJEK\\vendor\\laravel\\framework\\src\\Illuminate\\Routing\\Router.php(613): Illuminate\\Routing\\Router->dispatchToRoute(Object(Illuminate\\Http\\Request))
#16 D:\\ini TA GUE\\PROJEK\\PROJEK\\vendor\\laravel\\framework\\src\\Illuminate\\Foundation\\Http\\Kernel.php(170): Illuminate\\Routing\\Router->dispatch(Object(Illuminate\\Http\\Request))
#17 D:\\ini TA GUE\\PROJEK\\PROJEK\\vendor\\laravel\\framework\\src\\Illuminate\\Pipeline\\Pipeline.php(130): Illuminate\\Foundation\\Http\\Kernel->Illuminate\\Foundation\\Http\\{closure}(Object(Illuminate\\Http\\Request))
#18 D:\\ini TA GUE\\PROJEK\\PROJEK\\vendor\\laravel\\framework\\src\\Illuminate\\Foundation\\Http\\Middleware\\TransformsRequest.php(21): Illuminate\\Pipeline\\Pipeline->Illuminate\\Pipeline\\{closure}(Object(Illuminate\\Http\\Request))
#19 D:\\ini TA GUE\\PROJEK\\PROJEK\\vendor\\laravel\\framework\\src\\Illuminate\\Pipeline\\Pipeline.php(171): Illuminate\\Foundation\\Http\\Middleware\\TransformsRequest->handle(Object(Illuminate\\Http\\Request), Object(Closure))
#20 D:\\ini TA GUE\\PROJEK\\PROJEK\\vendor\\laravel\\framework\\src\\Illuminate\\Foundation\\Http\\Middleware\\TransformsRequest.php(21): Illuminate\\Pipeline\\Pipeline->Illuminate\\Pipeline\\{closure}(Object(Illuminate\\Http\\Request))
#21 D:\\ini TA GUE\\PROJEK\\PROJEK\\vendor\\laravel\\framework\\src\\Illuminate\\Pipeline\\Pipeline.php(171): Illuminate\\Foundation\\Http\\Middleware\\TransformsRequest->handle(Object(Illuminate\\Http\\Request), Object(Closure))
#22 D:\\ini TA GUE\\PROJEK\\PROJEK\\vendor\\laravel\\framework\\src\\Illuminate\\Foundation\\Http\\Middleware\\ValidatePostSize.php(27): Illuminate\\Pipeline\\Pipeline->Illuminate\\Pipeline\\{closure}(Object(Illuminate\\Http\\Request))
#23 D:\\ini TA GUE\\PROJEK\\PROJEK\\vendor\\laravel\\framework\\src\\Illuminate\\Pipeline\\Pipeline.php(171): Illuminate\\Foundation\\Http\\Middleware\\ValidatePostSize->handle(Object(Illuminate\\Http\\Request), Object(Closure))
#24 D:\\ini TA GUE\\PROJEK\\PROJEK\\vendor\\laravel\\framework\\src\\Illuminate\\Foundation\\Http\\Middleware\\CheckForMaintenanceMode.php(63): Illuminate\\Pipeline\\Pipeline->Illuminate\\Pipeline\\{closure}(Object(Illuminate\\Http\\Request))
#25 D:\\ini TA GUE\\PROJEK\\PROJEK\\vendor\\laravel\\framework\\src\\Illuminate\\Pipeline\\Pipeline.php(171): Illuminate\\Foundation\\Http\\Middleware\\CheckForMaintenanceMode->handle(Object(Illuminate\\Http\\Request), Object(Closure))
#26 D:\\ini TA GUE\\PROJEK\\PROJEK\\vendor\\fideloper\\proxy\\src\\TrustProxies.php(57): Illuminate\\Pipeline\\Pipeline->Illuminate\\Pipeline\\{closure}(Object(Illuminate\\Http\\Request))
#27 D:\\ini TA GUE\\PROJEK\\PROJEK\\vendor\\laravel\\framework\\src\\Illuminate\\Pipeline\\Pipeline.php(171): Fideloper\\Proxy\\TrustProxies->handle(Object(Illuminate\\Http\\Request), Object(Closure))
#28 D:\\ini TA GUE\\PROJEK\\PROJEK\\vendor\\laravel\\framework\\src\\Illuminate\\Pipeline\\Pipeline.php(105): Illuminate\\Pipeline\\Pipeline->Illuminate\\Pipeline\\{closure}(Object(Illuminate\\Http\\Request))
#29 D:\\ini TA GUE\\PROJEK\\PROJEK\\vendor\\laravel\\framework\\src\\Illuminate\\Foundation\\Http\\Kernel.php(145): Illuminate\\Pipeline\\Pipeline->then(Object(Closure))
#30 D:\\ini TA GUE\\PROJEK\\PROJEK\\vendor\\laravel\\framework\\src\\Illuminate\\Foundation\\Http\\Kernel.php(110): Illuminate\\Foundation\\Http\\Kernel->sendRequestThroughRouter(Object(Illuminate\\Http\\Request))
#31 D:\\ini TA GUE\\PROJEK\\PROJEK\\public\\index.php(55): Illuminate\\Foundation\\Http\\Kernel->handle(Object(Illuminate\\Http\\Request))
#32 D:\\ini TA GUE\\PROJEK\\PROJEK\\server.php(21): require_once('D:\\\\ini TA GUE\\\\P...')
#33 {main}
"} 
[2020-06-18 14:17:03] local.ERROR: Connection could not be established with host smtp.googlemail.com :stream_socket_client(): php_network_getaddresses: getaddrinfo failed: No such host is known.  {"exception":"[object] (Swift_TransportException(code: 0): Connection could not be established with host smtp.googlemail.com :stream_socket_client(): php_network_getaddresses: getaddrinfo failed: No such host is known.  at D:\\ini TA GUE\\PROJEK\\PROJEK\\vendor\\swiftmailer\\swiftmailer\\lib\\classes\\Swift\\Transport\\StreamBuffer.php:269)
[stacktrace]
#0 [internal function]: Swift_Transport_StreamBuffer->{closure}(2, 'stream_socket_c...', 'D:\\\\ini TA GUE\\\\P...', 272, Array)
#1 D:\\ini TA GUE\\PROJEK\\PROJEK\\vendor\\swiftmailer\\swiftmailer\\lib\\classes\\Swift\\Transport\\StreamBuffer.php(272): stream_socket_client('ssl://smtp.goog...', 0, 'php_network_get...', 30, 4, Resource id #927)
#2 D:\\ini TA GUE\\PROJEK\\PROJEK\\vendor\\swiftmailer\\swiftmailer\\lib\\classes\\Swift\\Transport\\StreamBuffer.php(58): Swift_Transport_StreamBuffer->establishSocketConnection()
#3 D:\\ini TA GUE\\PROJEK\\PROJEK\\vendor\\swiftmailer\\swiftmailer\\lib\\classes\\Swift\\Transport\\AbstractSmtpTransport.php(143): Swift_Transport_StreamBuffer->initialize(Array)
#4 D:\\ini TA GUE\\PROJEK\\PROJEK\\vendor\\swiftmailer\\swiftmailer\\lib\\classes\\Swift\\Mailer.php(65): Swift_Transport_AbstractSmtpTransport->start()
#5 D:\\ini TA GUE\\PROJEK\\PROJEK\\vendor\\laravel\\framework\\src\\Illuminate\\Mail\\Mailer.php(486): Swift_Mailer->send(Object(Swift_Message), Array)
#6 D:\\ini TA GUE\\PROJEK\\PROJEK\\vendor\\laravel\\framework\\src\\Illuminate\\Mail\\Mailer.php(261): Illuminate\\Mail\\Mailer->sendSwiftMessage(Object(Swift_Message))
#7 D:\\ini TA GUE\\PROJEK\\PROJEK\\vendor\\laravel\\framework\\src\\Illuminate\\Notifications\\Channels\\MailChannel.php(65): Illuminate\\Mail\\Mailer->send(Object(Illuminate\\Support\\HtmlString), Array, Object(Closure))
#8 D:\\ini TA GUE\\PROJEK\\PROJEK\\vendor\\laravel\\framework\\src\\Illuminate\\Notifications\\NotificationSender.php(146): Illuminate\\Notifications\\Channels\\MailChannel->send(Object(App\\User), Object(Illuminate\\Auth\\Notifications\\ResetPassword))
#9 D:\\ini TA GUE\\PROJEK\\PROJEK\\vendor\\laravel\\framework\\src\\Illuminate\\Notifications\\NotificationSender.php(105): Illuminate\\Notifications\\NotificationSender->sendToNotifiable(Object(App\\User), '7d52c1fd-73ac-4...', Object(Illuminate\\Auth\\Notifications\\ResetPassword), 'mail')
#10 D:\\ini TA GUE\\PROJEK\\PROJEK\\vendor\\laravel\\framework\\src\\Illuminate\\Support\\Traits\\Localizable.php(19): Illuminate\\Notifications\\NotificationSender->Illuminate\\Notifications\\{closure}()
#11 D:\\ini TA GUE\\PROJEK\\PROJEK\\vendor\\laravel\\framework\\src\\Illuminate\\Notifications\\NotificationSender.php(107): Illuminate\\Notifications\\NotificationSender->withLocale(NULL, Object(Closure))
#12 D:\\ini TA GUE\\PROJEK\\PROJEK\\vendor\\laravel\\framework\\src\\Illuminate\\Notifications\\NotificationSender.php(79): Illuminate\\Notifications\\NotificationSender->sendNow(Object(Illuminate\\Database\\Eloquent\\Collection), Object(Illuminate\\Auth\\Notifications\\ResetPassword))
#13 D:\\ini TA GUE\\PROJEK\\PROJEK\\vendor\\laravel\\framework\\src\\Illuminate\\Notifications\\ChannelManager.php(39): Illuminate\\Notifications\\NotificationSender->send(Object(Illuminate\\Database\\Eloquent\\Collection), Object(Illuminate\\Auth\\Notifications\\ResetPassword))
#14 D:\\ini TA GUE\\PROJEK\\PROJEK\\vendor\\laravel\\framework\\src\\Illuminate\\Notifications\\RoutesNotifications.php(18): Illuminate\\Notifications\\ChannelManager->send(Object(App\\User), Object(Illuminate\\Auth\\Notifications\\ResetPassword))
#15 D:\\ini TA GUE\\PROJEK\\PROJEK\\vendor\\laravel\\framework\\src\\Illuminate\\Auth\\Passwords\\CanResetPassword.php(27): App\\User->notify(Object(Illuminate\\Auth\\Notifications\\ResetPassword))
#16 D:\\ini TA GUE\\PROJEK\\PROJEK\\vendor\\laravel\\framework\\src\\Illuminate\\Auth\\Passwords\\PasswordBroker.php(67): Illuminate\\Foundation\\Auth\\User->sendPasswordResetNotification('dd73d14ca7f8e6f...')
#17 D:\\ini TA GUE\\PROJEK\\PROJEK\\vendor\\laravel\\framework\\src\\Illuminate\\Foundation\\Auth\\SendsPasswordResetEmails.php(34): Illuminate\\Auth\\Passwords\\PasswordBroker->sendResetLink(Array)
#18 [internal function]: App\\Http\\Controllers\\Auth\\ForgotPasswordController->sendResetLinkEmail(Object(Illuminate\\Http\\Request))
#19 D:\\ini TA GUE\\PROJEK\\PROJEK\\vendor\\laravel\\framework\\src\\Illuminate\\Routing\\Controller.php(54): call_user_func_array(Array, Array)
#20 D:\\ini TA GUE\\PROJEK\\PROJEK\\vendor\\laravel\\framework\\src\\Illuminate\\Routing\\ControllerDispatcher.php(45): Illuminate\\Routing\\Controller->callAction('sendResetLinkEm...', Array)
#21 D:\\ini TA GUE\\PROJEK\\PROJEK\\vendor\\laravel\\framework\\src\\Illuminate\\Routing\\Route.php(219): Illuminate\\Routing\\ControllerDispatcher->dispatch(Object(Illuminate\\Routing\\Route), Object(App\\Http\\Controllers\\Auth\\ForgotPasswordController), 'sendResetLinkEm...')
#22 D:\\ini TA GUE\\PROJEK\\PROJEK\\vendor\\laravel\\framework\\src\\Illuminate\\Routing\\Route.php(176): Illuminate\\Routing\\Route->runController()
#23 D:\\ini TA GUE\\PROJEK\\PROJEK\\vendor\\laravel\\framework\\src\\Illuminate\\Routing\\Router.php(681): Illuminate\\Routing\\Route->run()
#24 D:\\ini TA GUE\\PROJEK\\PROJEK\\vendor\\laravel\\framework\\src\\Illuminate\\Pipeline\\Pipeline.php(130): Illuminate\\Routing\\Router->Illuminate\\Routing\\{closure}(Object(Illuminate\\Http\\Request))
#25 D:\\ini TA GUE\\PROJEK\\PROJEK\\app\\Http\\Middleware\\RedirectIfAuthenticated.php(25): Illuminate\\Pipeline\\Pipeline->Illuminate\\Pipeline\\{closure}(Object(Illuminate\\Http\\Request))
#26 D:\\ini TA GUE\\PROJEK\\PROJEK\\vendor\\laravel\\framework\\src\\Illuminate\\Pipeline\\Pipeline.php(171): App\\Http\\Middleware\\RedirectIfAuthenticated->handle(Object(Illuminate\\Http\\Request), Object(Closure))
#27 D:\\ini TA GUE\\PROJEK\\PROJEK\\vendor\ealrashid\\sweet-alert\\src\\ToSweetAlert.php(69): Illuminate\\Pipeline\\Pipeline->Illuminate\\Pipeline\\{closure}(Object(Illuminate\\Http\\Request))
#28 D:\\ini TA GUE\\PROJEK\\PROJEK\\vendor\\laravel\\framework\\src\\Illuminate\\Pipeline\\Pipeline.php(171): RealRashid\\SweetAlert\\ToSweetAlert->handle(Object(Illuminate\\Http\\Request), Object(Closure))
#29 D:\\ini TA GUE\\PROJEK\\PROJEK\\vendor\\laravel\\framework\\src\\Illuminate\\Routing\\Middleware\\SubstituteBindings.php(41): Illuminate\\Pipeline\\Pipeline->Illuminate\\Pipeline\\{closure}(Object(Illuminate\\Http\\Request))
#30 D:\\ini TA GUE\\PROJEK\\PROJEK\\vendor\\laravel\\framework\\src\\Illuminate\\Pipeline\\Pipeline.php(171): Illuminate\\Routing\\Middleware\\SubstituteBindings->handle(Object(Illuminate\\Http\\Request), Object(Closure))
#31 D:\\ini TA GUE\\PROJEK\\PROJEK\\vendor\\laravel\\framework\\src\\Illuminate\\Foundation\\Http\\Middleware\\VerifyCsrfToken.php(76): Illuminate\\Pipeline\\Pipeline->Illuminate\\Pipeline\\{closure}(Object(Illuminate\\Http\\Request))
#32 D:\\ini TA GUE\\PROJEK\\PROJEK\\vendor\\laravel\\framework\\src\\Illuminate\\Pipeline\\Pipeline.php(171): Illuminate\\Foundation\\Http\\Middleware\\VerifyCsrfToken->handle(Object(Illuminate\\Http\\Request), Object(Closure))
#33 D:\\ini TA GUE\\PROJEK\\PROJEK\\vendor\\laravel\\framework\\src\\Illuminate\\View\\Middleware\\ShareErrorsFromSession.php(49): Illuminate\\Pipeline\\Pipeline->Illuminate\\Pipeline\\{closure}(Object(Illuminate\\Http\\Request))
#34 D:\\ini TA GUE\\PROJEK\\PROJEK\\vendor\\laravel\\framework\\src\\Illuminate\\Pipeline\\Pipeline.php(171): Illuminate\\View\\Middleware\\ShareErrorsFromSession->handle(Object(Illuminate\\Http\\Request), Object(Closure))
#35 D:\\ini TA GUE\\PROJEK\\PROJEK\\vendor\\laravel\\framework\\src\\Illuminate\\Session\\Middleware\\StartSession.php(56): Illuminate\\Pipeline\\Pipeline->Illuminate\\Pipeline\\{closure}(Object(Illuminate\\Http\\Request))
#36 D:\\ini TA GUE\\PROJEK\\PROJEK\\vendor\\laravel\\framework\\src\\Illuminate\\Pipeline\\Pipeline.php(171): Illuminate\\Session\\Middleware\\StartSession->handle(Object(Illuminate\\Http\\Request), Object(Closure))
#37 D:\\ini TA GUE\\PROJEK\\PROJEK\\vendor\\laravel\\framework\\src\\Illuminate\\Cookie\\Middleware\\AddQueuedCookiesToResponse.php(37): Illuminate\\Pipeline\\Pipeline->Illuminate\\Pipeline\\{closure}(Object(Illuminate\\Http\\Request))
#38 D:\\ini TA GUE\\PROJEK\\PROJEK\\vendor\\laravel\\framework\\src\\Illuminate\\Pipeline\\Pipeline.php(171): Illuminate\\Cookie\\Middleware\\AddQueuedCookiesToResponse->handle(Object(Illuminate\\Http\\Request), Object(Closure))
#39 D:\\ini TA GUE\\PROJEK\\PROJEK\\vendor\\laravel\\framework\\src\\Illuminate\\Cookie\\Middleware\\EncryptCookies.php(66): Illuminate\\Pipeline\\Pipeline->Illuminate\\Pipeline\\{closure}(Object(Illuminate\\Http\\Request))
#40 D:\\ini TA GUE\\PROJEK\\PROJEK\\vendor\\laravel\\framework\\src\\Illuminate\\Pipeline\\Pipeline.php(171): Illuminate\\Cookie\\Middleware\\EncryptCookies->handle(Object(Illuminate\\Http\\Request), Object(Closure))
#41 D:\\ini TA GUE\\PROJEK\\PROJEK\\vendor\\laravel\\framework\\src\\Illuminate\\Pipeline\\Pipeline.php(105): Illuminate\\Pipeline\\Pipeline->Illuminate\\Pipeline\\{closure}(Object(Illuminate\\Http\\Request))
#42 D:\\ini TA GUE\\PROJEK\\PROJEK\\vendor\\laravel\\framework\\src\\Illuminate\\Routing\\Router.php(683): Illuminate\\Pipeline\\Pipeline->then(Object(Closure))
#43 D:\\ini TA GUE\\PROJEK\\PROJEK\\vendor\\laravel\\framework\\src\\Illuminate\\Routing\\Router.php(658): Illuminate\\Routing\\Router->runRouteWithinStack(Object(Illuminate\\Routing\\Route), Object(Illuminate\\Http\\Request))
#44 D:\\ini TA GUE\\PROJEK\\PROJEK\\vendor\\laravel\\framework\\src\\Illuminate\\Routing\\Router.php(624): Illuminate\\Routing\\Router->runRoute(Object(Illuminate\\Http\\Request), Object(Illuminate\\Routing\\Route))
#45 D:\\ini TA GUE\\PROJEK\\PROJEK\\vendor\\laravel\\framework\\src\\Illuminate\\Routing\\Router.php(613): Illuminate\\Routing\\Router->dispatchToRoute(Object(Illuminate\\Http\\Request))
#46 D:\\ini TA GUE\\PROJEK\\PROJEK\\vendor\\laravel\\framework\\src\\Illuminate\\Foundation\\Http\\Kernel.php(170): Illuminate\\Routing\\Router->dispatch(Object(Illuminate\\Http\\Request))
#47 D:\\ini TA GUE\\PROJEK\\PROJEK\\vendor\\laravel\\framework\\src\\Illuminate\\Pipeline\\Pipeline.php(130): Illuminate\\Foundation\\Http\\Kernel->Illuminate\\Foundation\\Http\\{closure}(Object(Illuminate\\Http\\Request))
#48 D:\\ini TA GUE\\PROJEK\\PROJEK\\vendor\\laravel\\framework\\src\\Illuminate\\Foundation\\Http\\Middleware\\TransformsRequest.php(21): Illuminate\\Pipeline\\Pipeline->Illuminate\\Pipeline\\{closure}(Object(Illuminate\\Http\\Request))
#49 D:\\ini TA GUE\\PROJEK\\PROJEK\\vendor\\laravel\\framework\\src\\Illuminate\\Pipeline\\Pipeline.php(171): Illuminate\\Foundation\\Http\\Middleware\\TransformsRequest->handle(Object(Illuminate\\Http\\Request), Object(Closure))
#50 D:\\ini TA GUE\\PROJEK\\PROJEK\\vendor\\laravel\\framework\\src\\Illuminate\\Foundation\\Http\\Middleware\\TransformsRequest.php(21): Illuminate\\Pipeline\\Pipeline->Illuminate\\Pipeline\\{closure}(Object(Illuminate\\Http\\Request))
#51 D:\\ini TA GUE\\PROJEK\\PROJEK\\vendor\\laravel\\framework\\src\\Illuminate\\Pipeline\\Pipeline.php(171): Illuminate\\Foundation\\Http\\Middleware\\TransformsRequest->handle(Object(Illuminate\\Http\\Request), Object(Closure))
#52 D:\\ini TA GUE\\PROJEK\\PROJEK\\vendor\\laravel\\framework\\src\\Illuminate\\Foundation\\Http\\Middleware\\ValidatePostSize.php(27): Illuminate\\Pipeline\\Pipeline->Illuminate\\Pipeline\\{closure}(Object(Illuminate\\Http\\Request))
#53 D:\\ini TA GUE\\PROJEK\\PROJEK\\vendor\\laravel\\framework\\src\\Illuminate\\Pipeline\\Pipeline.php(171): Illuminate\\Foundation\\Http\\Middleware\\ValidatePostSize->handle(Object(Illuminate\\Http\\Request), Object(Closure))
#54 D:\\ini TA GUE\\PROJEK\\PROJEK\\vendor\\laravel\\framework\\src\\Illuminate\\Foundation\\Http\\Middleware\\CheckForMaintenanceMode.php(63): Illuminate\\Pipeline\\Pipeline->Illuminate\\Pipeline\\{closure}(Object(Illuminate\\Http\\Request))
#55 D:\\ini TA GUE\\PROJEK\\PROJEK\\vendor\\laravel\\framework\\src\\Illuminate\\Pipeline\\Pipeline.php(171): Illuminate\\Foundation\\Http\\Middleware\\CheckForMaintenanceMode->handle(Object(Illuminate\\Http\\Request), Object(Closure))
#56 D:\\ini TA GUE\\PROJEK\\PROJEK\\vendor\\fideloper\\proxy\\src\\TrustProxies.php(57): Illuminate\\Pipeline\\Pipeline->Illuminate\\Pipeline\\{closure}(Object(Illuminate\\Http\\Request))
#57 D:\\ini TA GUE\\PROJEK\\PROJEK\\vendor\\laravel\\framework\\src\\Illuminate\\Pipeline\\Pipeline.php(171): Fideloper\\Proxy\\TrustProxies->handle(Object(Illuminate\\Http\\Request), Object(Closure))
#58 D:\\ini TA GUE\\PROJEK\\PROJEK\\vendor\\laravel\\framework\\src\\Illuminate\\Pipeline\\Pipeline.php(105): Illuminate\\Pipeline\\Pipeline->Illuminate\\Pipeline\\{closure}(Object(Illuminate\\Http\\Request))
#59 D:\\ini TA GUE\\PROJEK\\PROJEK\\vendor\\laravel\\framework\\src\\Illuminate\\Foundation\\Http\\Kernel.php(145): Illuminate\\Pipeline\\Pipeline->then(Object(Closure))
#60 D:\\ini TA GUE\\PROJEK\\PROJEK\\vendor\\laravel\\framework\\src\\Illuminate\\Foundation\\Http\\Kernel.php(110): Illuminate\\Foundation\\Http\\Kernel->sendRequestThroughRouter(Object(Illuminate\\Http\\Request))
#61 D:\\ini TA GUE\\PROJEK\\PROJEK\\public\\index.php(55): Illuminate\\Foundation\\Http\\Kernel->handle(Object(Illuminate\\Http\\Request))
#62 D:\\ini TA GUE\\PROJEK\\PROJEK\\server.php(21): require_once('D:\\\\ini TA GUE\\\\P...')
#63 {main}
"} 
[2020-06-18 16:31:32] local.ERROR: Connection could not be established with host smtp.googlemail.com :stream_socket_client(): SSL: An existing connection was forcibly closed by the remote host.
 {"exception":"[object] (Swift_TransportException(code: 0): Connection could not be established with host smtp.googlemail.com :stream_socket_client(): SSL: An existing connection was forcibly closed by the remote host.
 at D:\\ini TA GUE\\PROJEK\\PROJEK\\vendor\\swiftmailer\\swiftmailer\\lib\\classes\\Swift\\Transport\\StreamBuffer.php:269)
[stacktrace]
#0 [internal function]: Swift_Transport_StreamBuffer->{closure}(2, 'stream_socket_c...', 'D:\\\\ini TA GUE\\\\P...', 272, Array)
#1 D:\\ini TA GUE\\PROJEK\\PROJEK\\vendor\\swiftmailer\\swiftmailer\\lib\\classes\\Swift\\Transport\\StreamBuffer.php(272): stream_socket_client('ssl://smtp.goog...', 0, '', 30, 4, Resource id #921)
#2 D:\\ini TA GUE\\PROJEK\\PROJEK\\vendor\\swiftmailer\\swiftmailer\\lib\\classes\\Swift\\Transport\\StreamBuffer.php(58): Swift_Transport_StreamBuffer->establishSocketConnection()
#3 D:\\ini TA GUE\\PROJEK\\PROJEK\\vendor\\swiftmailer\\swiftmailer\\lib\\classes\\Swift\\Transport\\AbstractSmtpTransport.php(143): Swift_Transport_StreamBuffer->initialize(Array)
#4 D:\\ini TA GUE\\PROJEK\\PROJEK\\vendor\\swiftmailer\\swiftmailer\\lib\\classes\\Swift\\Mailer.php(65): Swift_Transport_AbstractSmtpTransport->start()
#5 D:\\ini TA GUE\\PROJEK\\PROJEK\\vendor\\laravel\\framework\\src\\Illuminate\\Mail\\Mailer.php(486): Swift_Mailer->send(Object(Swift_Message), Array)
#6 D:\\ini TA GUE\\PROJEK\\PROJEK\\vendor\\laravel\\framework\\src\\Illuminate\\Mail\\Mailer.php(261): Illuminate\\Mail\\Mailer->sendSwiftMessage(Object(Swift_Message))
#7 D:\\ini TA GUE\\PROJEK\\PROJEK\\vendor\\laravel\\framework\\src\\Illuminate\\Notifications\\Channels\\MailChannel.php(65): Illuminate\\Mail\\Mailer->send(Object(Illuminate\\Support\\HtmlString), Array, Object(Closure))
#8 D:\\ini TA GUE\\PROJEK\\PROJEK\\vendor\\laravel\\framework\\src\\Illuminate\\Notifications\\NotificationSender.php(146): Illuminate\\Notifications\\Channels\\MailChannel->send(Object(App\\User), Object(Illuminate\\Auth\\Notifications\\VerifyEmail))
#9 D:\\ini TA GUE\\PROJEK\\PROJEK\\vendor\\laravel\\framework\\src\\Illuminate\\Notifications\\NotificationSender.php(105): Illuminate\\Notifications\\NotificationSender->sendToNotifiable(Object(App\\User), 'd9d047ac-32f7-4...', Object(Illuminate\\Auth\\Notifications\\VerifyEmail), 'mail')
#10 D:\\ini TA GUE\\PROJEK\\PROJEK\\vendor\\laravel\\framework\\src\\Illuminate\\Support\\Traits\\Localizable.php(19): Illuminate\\Notifications\\NotificationSender->Illuminate\\Notifications\\{closure}()
#11 D:\\ini TA GUE\\PROJEK\\PROJEK\\vendor\\laravel\\framework\\src\\Illuminate\\Notifications\\NotificationSender.php(107): Illuminate\\Notifications\\NotificationSender->withLocale(NULL, Object(Closure))
#12 D:\\ini TA GUE\\PROJEK\\PROJEK\\vendor\\laravel\\framework\\src\\Illuminate\\Notifications\\NotificationSender.php(79): Illuminate\\Notifications\\NotificationSender->sendNow(Object(Illuminate\\Database\\Eloquent\\Collection), Object(Illuminate\\Auth\\Notifications\\VerifyEmail))
#13 D:\\ini TA GUE\\PROJEK\\PROJEK\\vendor\\laravel\\framework\\src\\Illuminate\\Notifications\\ChannelManager.php(39): Illuminate\\Notifications\\NotificationSender->send(Object(Illuminate\\Database\\Eloquent\\Collection), Object(Illuminate\\Auth\\Notifications\\VerifyEmail))
#14 D:\\ini TA GUE\\PROJEK\\PROJEK\\vendor\\laravel\\framework\\src\\Illuminate\\Notifications\\RoutesNotifications.php(18): Illuminate\\Notifications\\ChannelManager->send(Object(App\\User), Object(Illuminate\\Auth\\Notifications\\VerifyEmail))
#15 D:\\ini TA GUE\\PROJEK\\PROJEK\\vendor\\laravel\\framework\\src\\Illuminate\\Auth\\MustVerifyEmail.php(38): App\\User->notify(Object(Illuminate\\Auth\\Notifications\\VerifyEmail))
#16 D:\\ini TA GUE\\PROJEK\\PROJEK\\app\\Http\\Controllers\\Auth\\RegisterController.php(107): Illuminate\\Foundation\\Auth\\User->sendEmailVerificationNotification()
#17 [internal function]: App\\Http\\Controllers\\Auth\\RegisterController->store(Object(Illuminate\\Http\\Request))
#18 D:\\ini TA GUE\\PROJEK\\PROJEK\\vendor\\laravel\\framework\\src\\Illuminate\\Routing\\Controller.php(54): call_user_func_array(Array, Array)
#19 D:\\ini TA GUE\\PROJEK\\PROJEK\\vendor\\laravel\\framework\\src\\Illuminate\\Routing\\ControllerDispatcher.php(45): Illuminate\\Routing\\Controller->callAction('store', Array)
#20 D:\\ini TA GUE\\PROJEK\\PROJEK\\vendor\\laravel\\framework\\src\\Illuminate\\Routing\\Route.php(219): Illuminate\\Routing\\ControllerDispatcher->dispatch(Object(Illuminate\\Routing\\Route), Object(App\\Http\\Controllers\\Auth\\RegisterController), 'store')
#21 D:\\ini TA GUE\\PROJEK\\PROJEK\\vendor\\laravel\\framework\\src\\Illuminate\\Routing\\Route.php(176): Illuminate\\Routing\\Route->runController()
#22 D:\\ini TA GUE\\PROJEK\\PROJEK\\vendor\\laravel\\framework\\src\\Illuminate\\Routing\\Router.php(681): Illuminate\\Routing\\Route->run()
#23 D:\\ini TA GUE\\PROJEK\\PROJEK\\vendor\\laravel\\framework\\src\\Illuminate\\Pipeline\\Pipeline.php(130): Illuminate\\Routing\\Router->Illuminate\\Routing\\{closure}(Object(Illuminate\\Http\\Request))
#24 D:\\ini TA GUE\\PROJEK\\PROJEK\\vendor\ealrashid\\sweet-alert\\src\\ToSweetAlert.php(69): Illuminate\\Pipeline\\Pipeline->Illuminate\\Pipeline\\{closure}(Object(Illuminate\\Http\\Request))
#25 D:\\ini TA GUE\\PROJEK\\PROJEK\\vendor\\laravel\\framework\\src\\Illuminate\\Pipeline\\Pipeline.php(171): RealRashid\\SweetAlert\\ToSweetAlert->handle(Object(Illuminate\\Http\\Request), Object(Closure))
#26 D:\\ini TA GUE\\PROJEK\\PROJEK\\vendor\\laravel\\framework\\src\\Illuminate\\Routing\\Middleware\\SubstituteBindings.php(41): Illuminate\\Pipeline\\Pipeline->Illuminate\\Pipeline\\{closure}(Object(Illuminate\\Http\\Request))
#27 D:\\ini TA GUE\\PROJEK\\PROJEK\\vendor\\laravel\\framework\\src\\Illuminate\\Pipeline\\Pipeline.php(171): Illuminate\\Routing\\Middleware\\SubstituteBindings->handle(Object(Illuminate\\Http\\Request), Object(Closure))
#28 D:\\ini TA GUE\\PROJEK\\PROJEK\\vendor\\laravel\\framework\\src\\Illuminate\\Foundation\\Http\\Middleware\\VerifyCsrfToken.php(76): Illuminate\\Pipeline\\Pipeline->Illuminate\\Pipeline\\{closure}(Object(Illuminate\\Http\\Request))
#29 D:\\ini TA GUE\\PROJEK\\PROJEK\\vendor\\laravel\\framework\\src\\Illuminate\\Pipeline\\Pipeline.php(171): Illuminate\\Foundation\\Http\\Middleware\\VerifyCsrfToken->handle(Object(Illuminate\\Http\\Request), Object(Closure))
#30 D:\\ini TA GUE\\PROJEK\\PROJEK\\vendor\\laravel\\framework\\src\\Illuminate\\View\\Middleware\\ShareErrorsFromSession.php(49): Illuminate\\Pipeline\\Pipeline->Illuminate\\Pipeline\\{closure}(Object(Illuminate\\Http\\Request))
#31 D:\\ini TA GUE\\PROJEK\\PROJEK\\vendor\\laravel\\framework\\src\\Illuminate\\Pipeline\\Pipeline.php(171): Illuminate\\View\\Middleware\\ShareErrorsFromSession->handle(Object(Illuminate\\Http\\Request), Object(Closure))
#32 D:\\ini TA GUE\\PROJEK\\PROJEK\\vendor\\laravel\\framework\\src\\Illuminate\\Session\\Middleware\\StartSession.php(56): Illuminate\\Pipeline\\Pipeline->Illuminate\\Pipeline\\{closure}(Object(Illuminate\\Http\\Request))
#33 D:\\ini TA GUE\\PROJEK\\PROJEK\\vendor\\laravel\\framework\\src\\Illuminate\\Pipeline\\Pipeline.php(171): Illuminate\\Session\\Middleware\\StartSession->handle(Object(Illuminate\\Http\\Request), Object(Closure))
#34 D:\\ini TA GUE\\PROJEK\\PROJEK\\vendor\\laravel\\framework\\src\\Illuminate\\Cookie\\Middleware\\AddQueuedCookiesToResponse.php(37): Illuminate\\Pipeline\\Pipeline->Illuminate\\Pipeline\\{closure}(Object(Illuminate\\Http\\Request))
#35 D:\\ini TA GUE\\PROJEK\\PROJEK\\vendor\\laravel\\framework\\src\\Illuminate\\Pipeline\\Pipeline.php(171): Illuminate\\Cookie\\Middleware\\AddQueuedCookiesToResponse->handle(Object(Illuminate\\Http\\Request), Object(Closure))
#36 D:\\ini TA GUE\\PROJEK\\PROJEK\\vendor\\laravel\\framework\\src\\Illuminate\\Cookie\\Middleware\\EncryptCookies.php(66): Illuminate\\Pipeline\\Pipeline->Illuminate\\Pipeline\\{closure}(Object(Illuminate\\Http\\Request))
#37 D:\\ini TA GUE\\PROJEK\\PROJEK\\vendor\\laravel\\framework\\src\\Illuminate\\Pipeline\\Pipeline.php(171): Illuminate\\Cookie\\Middleware\\EncryptCookies->handle(Object(Illuminate\\Http\\Request), Object(Closure))
#38 D:\\ini TA GUE\\PROJEK\\PROJEK\\vendor\\laravel\\framework\\src\\Illuminate\\Pipeline\\Pipeline.php(105): Illuminate\\Pipeline\\Pipeline->Illuminate\\Pipeline\\{closure}(Object(Illuminate\\Http\\Request))
#39 D:\\ini TA GUE\\PROJEK\\PROJEK\\vendor\\laravel\\framework\\src\\Illuminate\\Routing\\Router.php(683): Illuminate\\Pipeline\\Pipeline->then(Object(Closure))
#40 D:\\ini TA GUE\\PROJEK\\PROJEK\\vendor\\laravel\\framework\\src\\Illuminate\\Routing\\Router.php(658): Illuminate\\Routing\\Router->runRouteWithinStack(Object(Illuminate\\Routing\\Route), Object(Illuminate\\Http\\Request))
#41 D:\\ini TA GUE\\PROJEK\\PROJEK\\vendor\\laravel\\framework\\src\\Illuminate\\Routing\\Router.php(624): Illuminate\\Routing\\Router->runRoute(Object(Illuminate\\Http\\Request), Object(Illuminate\\Routing\\Route))
#42 D:\\ini TA GUE\\PROJEK\\PROJEK\\vendor\\laravel\\framework\\src\\Illuminate\\Routing\\Router.php(613): Illuminate\\Routing\\Router->dispatchToRoute(Object(Illuminate\\Http\\Request))
#43 D:\\ini TA GUE\\PROJEK\\PROJEK\\vendor\\laravel\\framework\\src\\Illuminate\\Foundation\\Http\\Kernel.php(170): Illuminate\\Routing\\Router->dispatch(Object(Illuminate\\Http\\Request))
#44 D:\\ini TA GUE\\PROJEK\\PROJEK\\vendor\\laravel\\framework\\src\\Illuminate\\Pipeline\\Pipeline.php(130): Illuminate\\Foundation\\Http\\Kernel->Illuminate\\Foundation\\Http\\{closure}(Object(Illuminate\\Http\\Request))
#45 D:\\ini TA GUE\\PROJEK\\PROJEK\\vendor\\laravel\\framework\\src\\Illuminate\\Foundation\\Http\\Middleware\\TransformsRequest.php(21): Illuminate\\Pipeline\\Pipeline->Illuminate\\Pipeline\\{closure}(Object(Illuminate\\Http\\Request))
#46 D:\\ini TA GUE\\PROJEK\\PROJEK\\vendor\\laravel\\framework\\src\\Illuminate\\Pipeline\\Pipeline.php(171): Illuminate\\Foundation\\Http\\Middleware\\TransformsRequest->handle(Object(Illuminate\\Http\\Request), Object(Closure))
#47 D:\\ini TA GUE\\PROJEK\\PROJEK\\vendor\\laravel\\framework\\src\\Illuminate\\Foundation\\Http\\Middleware\\TransformsRequest.php(21): Illuminate\\Pipeline\\Pipeline->Illuminate\\Pipeline\\{closure}(Object(Illuminate\\Http\\Request))
#48 D:\\ini TA GUE\\PROJEK\\PROJEK\\vendor\\laravel\\framework\\src\\Illuminate\\Pipeline\\Pipeline.php(171): Illuminate\\Foundation\\Http\\Middleware\\TransformsRequest->handle(Object(Illuminate\\Http\\Request), Object(Closure))
#49 D:\\ini TA GUE\\PROJEK\\PROJEK\\vendor\\laravel\\framework\\src\\Illuminate\\Foundation\\Http\\Middleware\\ValidatePostSize.php(27): Illuminate\\Pipeline\\Pipeline->Illuminate\\Pipeline\\{closure}(Object(Illuminate\\Http\\Request))
#50 D:\\ini TA GUE\\PROJEK\\PROJEK\\vendor\\laravel\\framework\\src\\Illuminate\\Pipeline\\Pipeline.php(171): Illuminate\\Foundation\\Http\\Middleware\\ValidatePostSize->handle(Object(Illuminate\\Http\\Request), Object(Closure))
#51 D:\\ini TA GUE\\PROJEK\\PROJEK\\vendor\\laravel\\framework\\src\\Illuminate\\Foundation\\Http\\Middleware\\CheckForMaintenanceMode.php(63): Illuminate\\Pipeline\\Pipeline->Illuminate\\Pipeline\\{closure}(Object(Illuminate\\Http\\Request))
#52 D:\\ini TA GUE\\PROJEK\\PROJEK\\vendor\\laravel\\framework\\src\\Illuminate\\Pipeline\\Pipeline.php(171): Illuminate\\Foundation\\Http\\Middleware\\CheckForMaintenanceMode->handle(Object(Illuminate\\Http\\Request), Object(Closure))
#53 D:\\ini TA GUE\\PROJEK\\PROJEK\\vendor\\fideloper\\proxy\\src\\TrustProxies.php(57): Illuminate\\Pipeline\\Pipeline->Illuminate\\Pipeline\\{closure}(Object(Illuminate\\Http\\Request))
#54 D:\\ini TA GUE\\PROJEK\\PROJEK\\vendor\\laravel\\framework\\src\\Illuminate\\Pipeline\\Pipeline.php(171): Fideloper\\Proxy\\TrustProxies->handle(Object(Illuminate\\Http\\Request), Object(Closure))
#55 D:\\ini TA GUE\\PROJEK\\PROJEK\\vendor\\laravel\\framework\\src\\Illuminate\\Pipeline\\Pipeline.php(105): Illuminate\\Pipeline\\Pipeline->Illuminate\\Pipeline\\{closure}(Object(Illuminate\\Http\\Request))
#56 D:\\ini TA GUE\\PROJEK\\PROJEK\\vendor\\laravel\\framework\\src\\Illuminate\\Foundation\\Http\\Kernel.php(145): Illuminate\\Pipeline\\Pipeline->then(Object(Closure))
#57 D:\\ini TA GUE\\PROJEK\\PROJEK\\vendor\\laravel\\framework\\src\\Illuminate\\Foundation\\Http\\Kernel.php(110): Illuminate\\Foundation\\Http\\Kernel->sendRequestThroughRouter(Object(Illuminate\\Http\\Request))
#58 D:\\ini TA GUE\\PROJEK\\PROJEK\\public\\index.php(55): Illuminate\\Foundation\\Http\\Kernel->handle(Object(Illuminate\\Http\\Request))
#59 D:\\ini TA GUE\\PROJEK\\PROJEK\\server.php(21): require_once('D:\\\\ini TA GUE\\\\P...')
#60 {main}
"} 
[2020-06-18 16:33:48] local.ERROR: Connection could not be established with host smtp.googlemail.com :stream_socket_client(): SSL: An existing connection was forcibly closed by the remote host.
 {"exception":"[object] (Swift_TransportException(code: 0): Connection could not be established with host smtp.googlemail.com :stream_socket_client(): SSL: An existing connection was forcibly closed by the remote host.
 at D:\\ini TA GUE\\PROJEK\\PROJEK\\vendor\\swiftmailer\\swiftmailer\\lib\\classes\\Swift\\Transport\\StreamBuffer.php:269)
[stacktrace]
#0 [internal function]: Swift_Transport_StreamBuffer->{closure}(2, 'stream_socket_c...', 'D:\\\\ini TA GUE\\\\P...', 272, Array)
#1 D:\\ini TA GUE\\PROJEK\\PROJEK\\vendor\\swiftmailer\\swiftmailer\\lib\\classes\\Swift\\Transport\\StreamBuffer.php(272): stream_socket_client('ssl://smtp.goog...', 0, '', 30, 4, Resource id #921)
#2 D:\\ini TA GUE\\PROJEK\\PROJEK\\vendor\\swiftmailer\\swiftmailer\\lib\\classes\\Swift\\Transport\\StreamBuffer.php(58): Swift_Transport_StreamBuffer->establishSocketConnection()
#3 D:\\ini TA GUE\\PROJEK\\PROJEK\\vendor\\swiftmailer\\swiftmailer\\lib\\classes\\Swift\\Transport\\AbstractSmtpTransport.php(143): Swift_Transport_StreamBuffer->initialize(Array)
#4 D:\\ini TA GUE\\PROJEK\\PROJEK\\vendor\\swiftmailer\\swiftmailer\\lib\\classes\\Swift\\Mailer.php(65): Swift_Transport_AbstractSmtpTransport->start()
#5 D:\\ini TA GUE\\PROJEK\\PROJEK\\vendor\\laravel\\framework\\src\\Illuminate\\Mail\\Mailer.php(486): Swift_Mailer->send(Object(Swift_Message), Array)
#6 D:\\ini TA GUE\\PROJEK\\PROJEK\\vendor\\laravel\\framework\\src\\Illuminate\\Mail\\Mailer.php(261): Illuminate\\Mail\\Mailer->sendSwiftMessage(Object(Swift_Message))
#7 D:\\ini TA GUE\\PROJEK\\PROJEK\\vendor\\laravel\\framework\\src\\Illuminate\\Notifications\\Channels\\MailChannel.php(65): Illuminate\\Mail\\Mailer->send(Object(Illuminate\\Support\\HtmlString), Array, Object(Closure))
#8 D:\\ini TA GUE\\PROJEK\\PROJEK\\vendor\\laravel\\framework\\src\\Illuminate\\Notifications\\NotificationSender.php(146): Illuminate\\Notifications\\Channels\\MailChannel->send(Object(App\\User), Object(Illuminate\\Auth\\Notifications\\VerifyEmail))
#9 D:\\ini TA GUE\\PROJEK\\PROJEK\\vendor\\laravel\\framework\\src\\Illuminate\\Notifications\\NotificationSender.php(105): Illuminate\\Notifications\\NotificationSender->sendToNotifiable(Object(App\\User), '6f0d57a9-dfe8-4...', Object(Illuminate\\Auth\\Notifications\\VerifyEmail), 'mail')
#10 D:\\ini TA GUE\\PROJEK\\PROJEK\\vendor\\laravel\\framework\\src\\Illuminate\\Support\\Traits\\Localizable.php(19): Illuminate\\Notifications\\NotificationSender->Illuminate\\Notifications\\{closure}()
#11 D:\\ini TA GUE\\PROJEK\\PROJEK\\vendor\\laravel\\framework\\src\\Illuminate\\Notifications\\NotificationSender.php(107): Illuminate\\Notifications\\NotificationSender->withLocale(NULL, Object(Closure))
#12 D:\\ini TA GUE\\PROJEK\\PROJEK\\vendor\\laravel\\framework\\src\\Illuminate\\Notifications\\NotificationSender.php(79): Illuminate\\Notifications\\NotificationSender->sendNow(Object(Illuminate\\Database\\Eloquent\\Collection), Object(Illuminate\\Auth\\Notifications\\VerifyEmail))
#13 D:\\ini TA GUE\\PROJEK\\PROJEK\\vendor\\laravel\\framework\\src\\Illuminate\\Notifications\\ChannelManager.php(39): Illuminate\\Notifications\\NotificationSender->send(Object(Illuminate\\Database\\Eloquent\\Collection), Object(Illuminate\\Auth\\Notifications\\VerifyEmail))
#14 D:\\ini TA GUE\\PROJEK\\PROJEK\\vendor\\laravel\\framework\\src\\Illuminate\\Notifications\\RoutesNotifications.php(18): Illuminate\\Notifications\\ChannelManager->send(Object(App\\User), Object(Illuminate\\Auth\\Notifications\\VerifyEmail))
#15 D:\\ini TA GUE\\PROJEK\\PROJEK\\vendor\\laravel\\framework\\src\\Illuminate\\Auth\\MustVerifyEmail.php(38): App\\User->notify(Object(Illuminate\\Auth\\Notifications\\VerifyEmail))
#16 D:\\ini TA GUE\\PROJEK\\PROJEK\\app\\Http\\Controllers\\Auth\\RegisterController.php(107): Illuminate\\Foundation\\Auth\\User->sendEmailVerificationNotification()
#17 [internal function]: App\\Http\\Controllers\\Auth\\RegisterController->store(Object(Illuminate\\Http\\Request))
#18 D:\\ini TA GUE\\PROJEK\\PROJEK\\vendor\\laravel\\framework\\src\\Illuminate\\Routing\\Controller.php(54): call_user_func_array(Array, Array)
#19 D:\\ini TA GUE\\PROJEK\\PROJEK\\vendor\\laravel\\framework\\src\\Illuminate\\Routing\\ControllerDispatcher.php(45): Illuminate\\Routing\\Controller->callAction('store', Array)
#20 D:\\ini TA GUE\\PROJEK\\PROJEK\\vendor\\laravel\\framework\\src\\Illuminate\\Routing\\Route.php(219): Illuminate\\Routing\\ControllerDispatcher->dispatch(Object(Illuminate\\Routing\\Route), Object(App\\Http\\Controllers\\Auth\\RegisterController), 'store')
#21 D:\\ini TA GUE\\PROJEK\\PROJEK\\vendor\\laravel\\framework\\src\\Illuminate\\Routing\\Route.php(176): Illuminate\\Routing\\Route->runController()
#22 D:\\ini TA GUE\\PROJEK\\PROJEK\\vendor\\laravel\\framework\\src\\Illuminate\\Routing\\Router.php(681): Illuminate\\Routing\\Route->run()
#23 D:\\ini TA GUE\\PROJEK\\PROJEK\\vendor\\laravel\\framework\\src\\Illuminate\\Pipeline\\Pipeline.php(130): Illuminate\\Routing\\Router->Illuminate\\Routing\\{closure}(Object(Illuminate\\Http\\Request))
#24 D:\\ini TA GUE\\PROJEK\\PROJEK\\vendor\ealrashid\\sweet-alert\\src\\ToSweetAlert.php(69): Illuminate\\Pipeline\\Pipeline->Illuminate\\Pipeline\\{closure}(Object(Illuminate\\Http\\Request))
#25 D:\\ini TA GUE\\PROJEK\\PROJEK\\vendor\\laravel\\framework\\src\\Illuminate\\Pipeline\\Pipeline.php(171): RealRashid\\SweetAlert\\ToSweetAlert->handle(Object(Illuminate\\Http\\Request), Object(Closure))
#26 D:\\ini TA GUE\\PROJEK\\PROJEK\\vendor\\laravel\\framework\\src\\Illuminate\\Routing\\Middleware\\SubstituteBindings.php(41): Illuminate\\Pipeline\\Pipeline->Illuminate\\Pipeline\\{closure}(Object(Illuminate\\Http\\Request))
#27 D:\\ini TA GUE\\PROJEK\\PROJEK\\vendor\\laravel\\framework\\src\\Illuminate\\Pipeline\\Pipeline.php(171): Illuminate\\Routing\\Middleware\\SubstituteBindings->handle(Object(Illuminate\\Http\\Request), Object(Closure))
#28 D:\\ini TA GUE\\PROJEK\\PROJEK\\vendor\\laravel\\framework\\src\\Illuminate\\Foundation\\Http\\Middleware\\VerifyCsrfToken.php(76): Illuminate\\Pipeline\\Pipeline->Illuminate\\Pipeline\\{closure}(Object(Illuminate\\Http\\Request))
#29 D:\\ini TA GUE\\PROJEK\\PROJEK\\vendor\\laravel\\framework\\src\\Illuminate\\Pipeline\\Pipeline.php(171): Illuminate\\Foundation\\Http\\Middleware\\VerifyCsrfToken->handle(Object(Illuminate\\Http\\Request), Object(Closure))
#30 D:\\ini TA GUE\\PROJEK\\PROJEK\\vendor\\laravel\\framework\\src\\Illuminate\\View\\Middleware\\ShareErrorsFromSession.php(49): Illuminate\\Pipeline\\Pipeline->Illuminate\\Pipeline\\{closure}(Object(Illuminate\\Http\\Request))
#31 D:\\ini TA GUE\\PROJEK\\PROJEK\\vendor\\laravel\\framework\\src\\Illuminate\\Pipeline\\Pipeline.php(171): Illuminate\\View\\Middleware\\ShareErrorsFromSession->handle(Object(Illuminate\\Http\\Request), Object(Closure))
#32 D:\\ini TA GUE\\PROJEK\\PROJEK\\vendor\\laravel\\framework\\src\\Illuminate\\Session\\Middleware\\StartSession.php(56): Illuminate\\Pipeline\\Pipeline->Illuminate\\Pipeline\\{closure}(Object(Illuminate\\Http\\Request))
#33 D:\\ini TA GUE\\PROJEK\\PROJEK\\vendor\\laravel\\framework\\src\\Illuminate\\Pipeline\\Pipeline.php(171): Illuminate\\Session\\Middleware\\StartSession->handle(Object(Illuminate\\Http\\Request), Object(Closure))
#34 D:\\ini TA GUE\\PROJEK\\PROJEK\\vendor\\laravel\\framework\\src\\Illuminate\\Cookie\\Middleware\\AddQueuedCookiesToResponse.php(37): Illuminate\\Pipeline\\Pipeline->Illuminate\\Pipeline\\{closure}(Object(Illuminate\\Http\\Request))
#35 D:\\ini TA GUE\\PROJEK\\PROJEK\\vendor\\laravel\\framework\\src\\Illuminate\\Pipeline\\Pipeline.php(171): Illuminate\\Cookie\\Middleware\\AddQueuedCookiesToResponse->handle(Object(Illuminate\\Http\\Request), Object(Closure))
#36 D:\\ini TA GUE\\PROJEK\\PROJEK\\vendor\\laravel\\framework\\src\\Illuminate\\Cookie\\Middleware\\EncryptCookies.php(66): Illuminate\\Pipeline\\Pipeline->Illuminate\\Pipeline\\{closure}(Object(Illuminate\\Http\\Request))
#37 D:\\ini TA GUE\\PROJEK\\PROJEK\\vendor\\laravel\\framework\\src\\Illuminate\\Pipeline\\Pipeline.php(171): Illuminate\\Cookie\\Middleware\\EncryptCookies->handle(Object(Illuminate\\Http\\Request), Object(Closure))
#38 D:\\ini TA GUE\\PROJEK\\PROJEK\\vendor\\laravel\\framework\\src\\Illuminate\\Pipeline\\Pipeline.php(105): Illuminate\\Pipeline\\Pipeline->Illuminate\\Pipeline\\{closure}(Object(Illuminate\\Http\\Request))
#39 D:\\ini TA GUE\\PROJEK\\PROJEK\\vendor\\laravel\\framework\\src\\Illuminate\\Routing\\Router.php(683): Illuminate\\Pipeline\\Pipeline->then(Object(Closure))
#40 D:\\ini TA GUE\\PROJEK\\PROJEK\\vendor\\laravel\\framework\\src\\Illuminate\\Routing\\Router.php(658): Illuminate\\Routing\\Router->runRouteWithinStack(Object(Illuminate\\Routing\\Route), Object(Illuminate\\Http\\Request))
#41 D:\\ini TA GUE\\PROJEK\\PROJEK\\vendor\\laravel\\framework\\src\\Illuminate\\Routing\\Router.php(624): Illuminate\\Routing\\Router->runRoute(Object(Illuminate\\Http\\Request), Object(Illuminate\\Routing\\Route))
#42 D:\\ini TA GUE\\PROJEK\\PROJEK\\vendor\\laravel\\framework\\src\\Illuminate\\Routing\\Router.php(613): Illuminate\\Routing\\Router->dispatchToRoute(Object(Illuminate\\Http\\Request))
#43 D:\\ini TA GUE\\PROJEK\\PROJEK\\vendor\\laravel\\framework\\src\\Illuminate\\Foundation\\Http\\Kernel.php(170): Illuminate\\Routing\\Router->dispatch(Object(Illuminate\\Http\\Request))
#44 D:\\ini TA GUE\\PROJEK\\PROJEK\\vendor\\laravel\\framework\\src\\Illuminate\\Pipeline\\Pipeline.php(130): Illuminate\\Foundation\\Http\\Kernel->Illuminate\\Foundation\\Http\\{closure}(Object(Illuminate\\Http\\Request))
#45 D:\\ini TA GUE\\PROJEK\\PROJEK\\vendor\\laravel\\framework\\src\\Illuminate\\Foundation\\Http\\Middleware\\TransformsRequest.php(21): Illuminate\\Pipeline\\Pipeline->Illuminate\\Pipeline\\{closure}(Object(Illuminate\\Http\\Request))
#46 D:\\ini TA GUE\\PROJEK\\PROJEK\\vendor\\laravel\\framework\\src\\Illuminate\\Pipeline\\Pipeline.php(171): Illuminate\\Foundation\\Http\\Middleware\\TransformsRequest->handle(Object(Illuminate\\Http\\Request), Object(Closure))
#47 D:\\ini TA GUE\\PROJEK\\PROJEK\\vendor\\laravel\\framework\\src\\Illuminate\\Foundation\\Http\\Middleware\\TransformsRequest.php(21): Illuminate\\Pipeline\\Pipeline->Illuminate\\Pipeline\\{closure}(Object(Illuminate\\Http\\Request))
#48 D:\\ini TA GUE\\PROJEK\\PROJEK\\vendor\\laravel\\framework\\src\\Illuminate\\Pipeline\\Pipeline.php(171): Illuminate\\Foundation\\Http\\Middleware\\TransformsRequest->handle(Object(Illuminate\\Http\\Request), Object(Closure))
#49 D:\\ini TA GUE\\PROJEK\\PROJEK\\vendor\\laravel\\framework\\src\\Illuminate\\Foundation\\Http\\Middleware\\ValidatePostSize.php(27): Illuminate\\Pipeline\\Pipeline->Illuminate\\Pipeline\\{closure}(Object(Illuminate\\Http\\Request))
#50 D:\\ini TA GUE\\PROJEK\\PROJEK\\vendor\\laravel\\framework\\src\\Illuminate\\Pipeline\\Pipeline.php(171): Illuminate\\Foundation\\Http\\Middleware\\ValidatePostSize->handle(Object(Illuminate\\Http\\Request), Object(Closure))
#51 D:\\ini TA GUE\\PROJEK\\PROJEK\\vendor\\laravel\\framework\\src\\Illuminate\\Foundation\\Http\\Middleware\\CheckForMaintenanceMode.php(63): Illuminate\\Pipeline\\Pipeline->Illuminate\\Pipeline\\{closure}(Object(Illuminate\\Http\\Request))
#52 D:\\ini TA GUE\\PROJEK\\PROJEK\\vendor\\laravel\\framework\\src\\Illuminate\\Pipeline\\Pipeline.php(171): Illuminate\\Foundation\\Http\\Middleware\\CheckForMaintenanceMode->handle(Object(Illuminate\\Http\\Request), Object(Closure))
#53 D:\\ini TA GUE\\PROJEK\\PROJEK\\vendor\\fideloper\\proxy\\src\\TrustProxies.php(57): Illuminate\\Pipeline\\Pipeline->Illuminate\\Pipeline\\{closure}(Object(Illuminate\\Http\\Request))
#54 D:\\ini TA GUE\\PROJEK\\PROJEK\\vendor\\laravel\\framework\\src\\Illuminate\\Pipeline\\Pipeline.php(171): Fideloper\\Proxy\\TrustProxies->handle(Object(Illuminate\\Http\\Request), Object(Closure))
#55 D:\\ini TA GUE\\PROJEK\\PROJEK\\vendor\\laravel\\framework\\src\\Illuminate\\Pipeline\\Pipeline.php(105): Illuminate\\Pipeline\\Pipeline->Illuminate\\Pipeline\\{closure}(Object(Illuminate\\Http\\Request))
#56 D:\\ini TA GUE\\PROJEK\\PROJEK\\vendor\\laravel\\framework\\src\\Illuminate\\Foundation\\Http\\Kernel.php(145): Illuminate\\Pipeline\\Pipeline->then(Object(Closure))
#57 D:\\ini TA GUE\\PROJEK\\PROJEK\\vendor\\laravel\\framework\\src\\Illuminate\\Foundation\\Http\\Kernel.php(110): Illuminate\\Foundation\\Http\\Kernel->sendRequestThroughRouter(Object(Illuminate\\Http\\Request))
#58 D:\\ini TA GUE\\PROJEK\\PROJEK\\public\\index.php(55): Illuminate\\Foundation\\Http\\Kernel->handle(Object(Illuminate\\Http\\Request))
#59 D:\\ini TA GUE\\PROJEK\\PROJEK\\server.php(21): require_once('D:\\\\ini TA GUE\\\\P...')
#60 {main}
"} 
